c:\workspaces\facedetection\facedetection\x64\debug\vc140.pdb
c:\workspaces\facedetection\facedetection\x64\debug\option.obj
c:\workspaces\facedetection\facedetection\x64\debug\main.obj
c:\workspaces\facedetection\facedetection\x64\debug\moc_option.obj
c:\workspaces\facedetection\facedetection\x64\debug\moc_facedetection.obj
c:\workspaces\facedetection\facedetection\x64\debug\facedetection.obj
c:\workspaces\facedetection\facedetection\x64\debug\qrc_facedetection.obj
c:\workspaces\facedetection\facedetection\generatedfiles\debug\moc_facedetection.cpp
c:\workspaces\facedetection\facedetection\generatedfiles\ui_facedetection.h
c:\workspaces\facedetection\facedetection\generatedfiles\debug\moc_option.cpp
c:\workspaces\facedetection\facedetection\generatedfiles\qrc_facedetection.cpp
c:\workspaces\facedetection\facedetection\generatedfiles\ui_option.h
c:\workspaces\facedetection\x64\debug\facedetection.ilk
c:\workspaces\facedetection\x64\debug\facedetection.exe
c:\workspaces\facedetection\x64\debug\facedetection.pdb
c:\workspaces\facedetection\facedetection\x64\debug\facedetection.res
c:\workspaces\facedetection\facedetection\x64\debug\facedetection.tlog\cl.command.1.tlog
c:\workspaces\facedetection\facedetection\x64\debug\facedetection.tlog\cl.read.1.tlog
c:\workspaces\facedetection\facedetection\x64\debug\facedetection.tlog\cl.write.1.tlog
c:\workspaces\facedetection\facedetection\x64\debug\facedetection.tlog\custombuild.command.1.tlog
c:\workspaces\facedetection\facedetection\x64\debug\facedetection.tlog\custombuild.read.1.tlog
c:\workspaces\facedetection\facedetection\x64\debug\facedetection.tlog\custombuild.write.1.tlog
c:\workspaces\facedetection\facedetection\x64\debug\facedetection.tlog\link.command.1.tlog
c:\workspaces\facedetection\facedetection\x64\debug\facedetection.tlog\link.read.1.tlog
c:\workspaces\facedetection\facedetection\x64\debug\facedetection.tlog\link.write.1.tlog
c:\workspaces\facedetection\facedetection\x64\debug\facedetection.tlog\rc.command.1.tlog
c:\workspaces\facedetection\facedetection\x64\debug\facedetection.tlog\rc.read.1.tlog
c:\workspaces\facedetection\facedetection\x64\debug\facedetection.tlog\rc.write.1.tlog
