c:\users\silybk\desktop\facedetection\facedetection\x64\release\option.obj
c:\users\silybk\desktop\facedetection\facedetection\x64\release\main.obj
c:\users\silybk\desktop\facedetection\facedetection\x64\release\histogram1d.obj
c:\users\silybk\desktop\facedetection\facedetection\x64\release\help.obj
c:\users\silybk\desktop\facedetection\facedetection\x64\release\moc_option.obj
c:\users\silybk\desktop\facedetection\facedetection\x64\release\moc_help.obj
c:\users\silybk\desktop\facedetection\facedetection\x64\release\moc_facedetection.obj
c:\users\silybk\desktop\facedetection\facedetection\x64\release\facerec.obj
c:\users\silybk\desktop\facedetection\facedetection\x64\release\facedetection.obj
c:\users\silybk\desktop\facedetection\facedetection\x64\release\qrc_facedetection.obj
c:\users\silybk\desktop\facedetection\facedetection\x64\release\camshift.obj
c:\users\silybk\desktop\facedetection\facedetection\generatedfiles\release\moc_option.cpp
c:\users\silybk\desktop\facedetection\facedetection\generatedfiles\release\moc_help.cpp
c:\users\silybk\desktop\facedetection\facedetection\generatedfiles\qrc_facedetection.cpp
c:\users\silybk\desktop\facedetection\facedetection\generatedfiles\ui_option.h
c:\users\silybk\desktop\facedetection\facedetection\generatedfiles\ui_help.h
c:\users\silybk\desktop\facedetection\facedetection\generatedfiles\ui_facedetection.h
c:\users\silybk\desktop\facedetection\facedetection\generatedfiles\release\moc_facedetection.cpp
c:\users\silybk\desktop\facedetection\x64\release\facedetection.exe
c:\users\silybk\desktop\facedetection\facedetection\x64\release\facedetection.res
c:\users\silybk\desktop\facedetection\facedetection\x64\release\facedetection.tlog\cl.command.1.tlog
c:\users\silybk\desktop\facedetection\facedetection\x64\release\facedetection.tlog\cl.read.1.tlog
c:\users\silybk\desktop\facedetection\facedetection\x64\release\facedetection.tlog\cl.write.1.tlog
c:\users\silybk\desktop\facedetection\facedetection\x64\release\facedetection.tlog\custombuild.command.1.tlog
c:\users\silybk\desktop\facedetection\facedetection\x64\release\facedetection.tlog\custombuild.read.1.tlog
c:\users\silybk\desktop\facedetection\facedetection\x64\release\facedetection.tlog\custombuild.write.1.tlog
c:\users\silybk\desktop\facedetection\facedetection\x64\release\facedetection.tlog\link.command.1.tlog
c:\users\silybk\desktop\facedetection\facedetection\x64\release\facedetection.tlog\link.read.1.tlog
c:\users\silybk\desktop\facedetection\facedetection\x64\release\facedetection.tlog\link.write.1.tlog
c:\users\silybk\desktop\facedetection\facedetection\x64\release\facedetection.tlog\rc.command.1.tlog
c:\users\silybk\desktop\facedetection\facedetection\x64\release\facedetection.tlog\rc.read.1.tlog
c:\users\silybk\desktop\facedetection\facedetection\x64\release\facedetection.tlog\rc.write.1.tlog
